[debug] [2023-03-26T09:24:44.633Z] ----------------------------------------------------------------------
[debug] [2023-03-26T09:24:44.635Z] Command:       C:\Program Files\nodejs\node.exe C:\Users\Asus\AppData\Roaming\npm\node_modules\firebase-tools\lib\bin\firebase.js init
[debug] [2023-03-26T09:24:44.635Z] CLI Version:   11.25.1
[debug] [2023-03-26T09:24:44.635Z] Platform:      win32
[debug] [2023-03-26T09:24:44.635Z] Node Version:  v18.15.0
[debug] [2023-03-26T09:24:44.636Z] Time:          Sun Mar 26 2023 16:24:44 GMT+0700 (เวลาอินโดจีน)
[debug] [2023-03-26T09:24:44.637Z] ----------------------------------------------------------------------
[debug] 
[debug] [2023-03-26T09:24:44.639Z] >>> [apiv2][query] GET https://firebase-public.firebaseio.com/cli.json [none]
[debug] [2023-03-26T09:24:44.676Z] > command requires scopes: ["email","openid","https://www.googleapis.com/auth/cloudplatformprojects.readonly","https://www.googleapis.com/auth/firebase","https://www.googleapis.com/auth/cloud-platform"]
[debug] [2023-03-26T09:24:44.677Z] > authorizing via signed-in user (tui.turbo@gmail.com)
[info] 
     ######## #### ########  ######## ########     ###     ######  ########
     ##        ##  ##     ## ##       ##     ##  ##   ##  ##       ##
     ######    ##  ########  ######   ########  #########  ######  ######
     ##        ##  ##    ##  ##       ##     ## ##     ##       ## ##
     ##       #### ##     ## ######## ########  ##     ##  ######  ########

You're about to initialize a Firebase project in this directory:

  C:\Users\Asus\OneDrive\Desktop\VRiceBerry

[debug] [2023-03-26T09:24:45.251Z] <<< [apiv2][status] GET https://firebase-public.firebaseio.com/cli.json 200
[debug] [2023-03-26T09:24:45.251Z] <<< [apiv2][body] GET https://firebase-public.firebaseio.com/cli.json {"cloudBuildErrorAfter":1594252800000,"cloudBuildWarnAfter":1590019200000,"defaultNode10After":1594252800000,"minVersion":"3.0.5","node8DeploysDisabledAfter":1613390400000,"node8RuntimeDisabledAfter":1615809600000,"node8WarnAfter":1600128000000}
[info] 
=== Project Setup
[info] 
[info] First, let's associate this project directory with a Firebase project.
[info] You can create multiple project aliases by running firebase use --add, 
[info] but for now we'll just set up a default project.
[info] 
[debug] [2023-03-26T10:37:29.625Z] > refreshing access token with scopes: []
[debug] [2023-03-26T10:37:29.626Z] >>> [apiv2][query] POST https://www.googleapis.com/oauth2/v3/token [none]
[debug] [2023-03-26T10:37:29.626Z] >>> [apiv2][body] POST https://www.googleapis.com/oauth2/v3/token [omitted]
[debug] [2023-03-26T10:37:29.820Z] <<< [apiv2][status] POST https://www.googleapis.com/oauth2/v3/token 200
[debug] [2023-03-26T10:37:29.821Z] <<< [apiv2][body] POST https://www.googleapis.com/oauth2/v3/token [omitted]
[debug] [2023-03-26T10:37:29.831Z] >>> [apiv2][query] GET https://firebase.googleapis.com/v1beta1/projects pageSize=100
[debug] [2023-03-26T10:37:30.549Z] <<< [apiv2][status] GET https://firebase.googleapis.com/v1beta1/projects 200
[debug] [2023-03-26T10:37:30.549Z] <<< [apiv2][body] GET https://firebase.googleapis.com/v1beta1/projects [omitted]
[info] i  Using project vriceberry-38cb8 (VRiceBerry) 
[info] 
=== Firestore Setup
[debug] [2023-03-26T10:37:33.944Z] >>> [apiv2][query] GET https://serviceusage.googleapis.com/v1/projects/vriceberry-38cb8/services/firestore.googleapis.com [none]
[debug] [2023-03-26T10:37:33.944Z] >>> [apiv2][(partial)header] GET https://serviceusage.googleapis.com/v1/projects/vriceberry-38cb8/services/firestore.googleapis.com x-goog-quota-user=projects/vriceberry-38cb8
[debug] [2023-03-26T10:37:35.507Z] <<< [apiv2][status] GET https://serviceusage.googleapis.com/v1/projects/vriceberry-38cb8/services/firestore.googleapis.com 200
[debug] [2023-03-26T10:37:35.507Z] <<< [apiv2][body] GET https://serviceusage.googleapis.com/v1/projects/vriceberry-38cb8/services/firestore.googleapis.com [omitted]
[debug] [2023-03-26T10:37:35.507Z] >>> [apiv2][query] GET https://firestore.googleapis.com/v1/projects/vriceberry-38cb8/databases/(default) [none]
[debug] [2023-03-26T10:37:35.751Z] <<< [apiv2][status] GET https://firestore.googleapis.com/v1/projects/vriceberry-38cb8/databases/(default) 200
[debug] [2023-03-26T10:37:35.751Z] <<< [apiv2][body] GET https://firestore.googleapis.com/v1/projects/vriceberry-38cb8/databases/(default) {"name":"projects/vriceberry-38cb8/databases/(default)","uid":"b4cfa343-ec7c-4a00-a5f6-6591a7a490dd","createTime":"2023-03-26T08:52:21.011230Z","updateTime":"2023-03-26T08:52:21.011230Z","locationId":"asia-southeast1","type":"FIRESTORE_NATIVE","concurrencyMode":"PESSIMISTIC","appEngineIntegrationMode":"DISABLED","keyPrefix":"zas","deleteProtectionState":"DELETE_PROTECTION_DISABLED","etag":"IISXzLaz+f0CMJ7Ot/Sb+f0C"}
[debug] [2023-03-26T10:37:35.751Z] database_type: FIRESTORE_NATIVE
[debug] [2023-03-26T10:37:35.751Z] > command requires scopes: ["email","openid","https://www.googleapis.com/auth/cloudplatformprojects.readonly","https://www.googleapis.com/auth/firebase","https://www.googleapis.com/auth/cloud-platform"]
[debug] [2023-03-26T10:37:35.752Z] > authorizing via signed-in user (tui.turbo@gmail.com)
[debug] [2023-03-26T10:37:35.752Z] [iam] checking project vriceberry-38cb8 for permissions ["firebase.projects.get"]
[debug] [2023-03-26T10:37:35.752Z] >>> [apiv2][query] POST https://cloudresourcemanager.googleapis.com/v1/projects/vriceberry-38cb8:testIamPermissions [none]
[debug] [2023-03-26T10:37:35.752Z] >>> [apiv2][(partial)header] POST https://cloudresourcemanager.googleapis.com/v1/projects/vriceberry-38cb8:testIamPermissions x-goog-quota-user=projects/vriceberry-38cb8
[debug] [2023-03-26T10:37:35.752Z] >>> [apiv2][body] POST https://cloudresourcemanager.googleapis.com/v1/projects/vriceberry-38cb8:testIamPermissions {"permissions":["firebase.projects.get"]}
[debug] [2023-03-26T10:37:36.966Z] <<< [apiv2][status] POST https://cloudresourcemanager.googleapis.com/v1/projects/vriceberry-38cb8:testIamPermissions 200
[debug] [2023-03-26T10:37:36.966Z] <<< [apiv2][body] POST https://cloudresourcemanager.googleapis.com/v1/projects/vriceberry-38cb8:testIamPermissions {"permissions":["firebase.projects.get"]}
[info] 
[info] Firestore Security Rules allow you to define how and when to allow
[info] requests. You can keep these rules in your project directory
[info] and publish them with firebase deploy.
[info] 
[debug] [2023-03-26T10:37:39.136Z] >>> [apiv2][query] GET https://firebaserules.googleapis.com/v1/projects/vriceberry-38cb8/releases pageSize=10&pageToken=
[debug] [2023-03-26T10:37:40.631Z] <<< [apiv2][status] GET https://firebaserules.googleapis.com/v1/projects/vriceberry-38cb8/releases 200
[debug] [2023-03-26T10:37:40.631Z] <<< [apiv2][body] GET https://firebaserules.googleapis.com/v1/projects/vriceberry-38cb8/releases {"releases":[{"name":"projects/vriceberry-38cb8/releases/cloud.firestore","rulesetName":"projects/vriceberry-38cb8/rulesets/52fc17f0-2967-4d4f-9cfa-a25b5f9a7226","createTime":"2023-03-26T08:52:28.953895Z","updateTime":"2023-03-26T08:52:28.953895Z"}]}
[debug] [2023-03-26T10:37:40.631Z] Found ruleset: projects/vriceberry-38cb8/rulesets/52fc17f0-2967-4d4f-9cfa-a25b5f9a7226
[debug] [2023-03-26T10:37:40.632Z] >>> [apiv2][query] GET https://firebaserules.googleapis.com/v1/projects/vriceberry-38cb8/rulesets/52fc17f0-2967-4d4f-9cfa-a25b5f9a7226 [none]
[debug] [2023-03-26T10:37:42.051Z] <<< [apiv2][status] GET https://firebaserules.googleapis.com/v1/projects/vriceberry-38cb8/rulesets/52fc17f0-2967-4d4f-9cfa-a25b5f9a7226 200
[debug] [2023-03-26T10:37:42.051Z] <<< [apiv2][body] GET https://firebaserules.googleapis.com/v1/projects/vriceberry-38cb8/rulesets/52fc17f0-2967-4d4f-9cfa-a25b5f9a7226 [omitted]
[info] 
[info] Firestore indexes allow you to perform complex queries while
[info] maintaining performance that scales with the size of the result
[info] set. You can keep index definitions in your project directory
[info] and publish them with firebase deploy.
[info] 
[debug] [2023-03-26T10:37:46.423Z] >>> [apiv2][query] GET https://firestore.googleapis.com/v1/projects/vriceberry-38cb8/databases/(default)/collectionGroups/-/indexes [none]
[debug] [2023-03-26T10:37:46.425Z] >>> [apiv2][query] GET https://firestore.googleapis.com/v1/projects/vriceberry-38cb8/databases/(default)/collectionGroups/-/fields?filter=indexConfig.usesAncestorConfig=false OR ttlConfig:* [none]
[debug] [2023-03-26T10:37:46.633Z] <<< [apiv2][status] GET https://firestore.googleapis.com/v1/projects/vriceberry-38cb8/databases/(default)/collectionGroups/-/indexes 200
[debug] [2023-03-26T10:37:46.633Z] <<< [apiv2][body] GET https://firestore.googleapis.com/v1/projects/vriceberry-38cb8/databases/(default)/collectionGroups/-/indexes {}
[debug] [2023-03-26T10:37:46.786Z] <<< [apiv2][status] GET https://firestore.googleapis.com/v1/projects/vriceberry-38cb8/databases/(default)/collectionGroups/-/fields?filter=indexConfig.usesAncestorConfig=false OR ttlConfig:* 200
[debug] [2023-03-26T10:37:46.786Z] <<< [apiv2][body] GET https://firestore.googleapis.com/v1/projects/vriceberry-38cb8/databases/(default)/collectionGroups/-/fields?filter=indexConfig.usesAncestorConfig=false OR ttlConfig:* {"fields":[{"name":"projects/vriceberry-38cb8/databases/(default)/collectionGroups/__default__/fields/*","indexConfig":{"indexes":[{"queryScope":"COLLECTION","fields":[{"fieldPath":"*","order":"ASCENDING"}],"state":"READY"},{"queryScope":"COLLECTION","fields":[{"fieldPath":"*","order":"DESCENDING"}],"state":"READY"},{"queryScope":"COLLECTION","fields":[{"fieldPath":"*","arrayConfig":"CONTAINS"}],"state":"READY"}]}}]}
[info] 
=== Hosting Setup
[info] 
[info] Your public directory is the folder (relative to your project directory) that
[info] will contain Hosting assets to be uploaded with firebase deploy. If you
[info] have a build process for your assets, use your build's output directory.
[info] 
[info] +  Wrote public/404.html 
[debug] [2023-03-26T10:38:19.816Z] >>> [apiv2][query] GET https://www.gstatic.com/firebasejs/releases.json [none]
[debug] [2023-03-26T10:38:19.964Z] <<< [apiv2][status] GET https://www.gstatic.com/firebasejs/releases.json 200
[debug] [2023-03-26T10:38:19.964Z] <<< [apiv2][body] GET https://www.gstatic.com/firebasejs/releases.json {"current":{"version":"9.18.0","browserURL":"https://www.gstatic.com/firebasejs/9.18.0/firebase.js","packageURL":"https://www.gstatic.com/firebasejs/9.18.0/firebase.tgz"},"live":{"version":"9.18","browserURL":"https://www.gstatic.com/firebasejs/live/9.18/firebase.js","packageURL":"https://www.gstatic.com/firebasejs/live/9.18/firebase.tgz"},"components":{"analytics":"https://www.gstatic.com/firebasejs/9.18.0/firebase-analytics.js","app":"https://www.gstatic.com/firebasejs/9.18.0/firebase-app.js","app-check":"https://www.gstatic.com/firebasejs/9.18.0/firebase-app-check.js","auth":"https://www.gstatic.com/firebasejs/9.18.0/firebase-auth.js","auth/cordova":"https://www.gstatic.com/firebasejs/9.18.0/firebase-auth/cordova.js","auth/react-native":"https://www.gstatic.com/firebasejs/9.18.0/firebase-auth/react-native.js","functions":"https://www.gstatic.com/firebasejs/9.18.0/firebase-functions.js","firestore":"https://www.gstatic.com/firebasejs/9.18.0/firebase-firestore.js","firestore/lite":"https://www.gstatic.com/firebasejs/9.18.0/firebase-firestore/lite.js","installations":"https://www.gstatic.com/firebasejs/9.18.0/firebase-installations.js","storage":"https://www.gstatic.com/firebasejs/9.18.0/firebase-storage.js","performance":"https://www.gstatic.com/firebasejs/9.18.0/firebase-performance.js","remote-config":"https://www.gstatic.com/firebasejs/9.18.0/firebase-remote-config.js","messaging":"https://www.gstatic.com/firebasejs/9.18.0/firebase-messaging.js","messaging/sw":"https://www.gstatic.com/firebasejs/9.18.0/firebase-messaging/sw.js","database":"https://www.gstatic.com/firebasejs/9.18.0/firebase-database.js","firestore.memory":"https://www.gstatic.com/firebasejs/9.18.0/firebase-firestore.memory.js"}}
[info] +  Wrote public/index.html 
[info] 
[info] i  Didn't detect a .git folder. Assuming C:\Users\Asus\OneDrive\Desktop\VRiceBerry is the project root. 
[info] i  Authorizing with GitHub to upload your service account to a GitHub repository's secrets store. 
[info] 
[info] Visit this URL on this device to log in:
[info] https://github.com/login/oauth/authorize?client_id=89cf50f02ac6aaed3484&state=1031409894&redirect_uri=http%3A%2F%2Flocalhost%3A9005&scope=read%3Auser%20repo%20public_repo
[info] 
[info] Waiting for authentication...
[debug] [2023-03-26T10:38:21.218Z] >>> [apiv2][query] POST https://github.com/login/oauth/access_token [none]
[debug] [2023-03-26T10:38:21.218Z] >>> [apiv2][body] POST https://github.com/login/oauth/access_token [stream]
[debug] [2023-03-26T10:38:21.649Z] <<< [apiv2][status] POST https://github.com/login/oauth/access_token 200
[debug] [2023-03-26T10:38:21.649Z] <<< [apiv2][body] POST https://github.com/login/oauth/access_token {"access_token":"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","token_type":"bearer","scope":"read:user,repo"}
[debug] [2023-03-26T10:38:21.657Z] >>> [apiv2][query] GET https://api.github.com/user [none]
[debug] [2023-03-26T10:38:22.098Z] <<< [apiv2][status] GET https://api.github.com/user 200
[debug] [2023-03-26T10:38:22.098Z] <<< [apiv2][body] GET https://api.github.com/user {"login":"Vatthanhun","id":61624571,"node_id":"MDQ6VXNlcjYxNjI0NTcx","avatar_url":"https://avatars.githubusercontent.com/u/61624571?v=4","gravatar_id":"","url":"https://api.github.com/users/Vatthanhun","html_url":"https://github.com/Vatthanhun","followers_url":"https://api.github.com/users/Vatthanhun/followers","following_url":"https://api.github.com/users/Vatthanhun/following{/other_user}","gists_url":"https://api.github.com/users/Vatthanhun/gists{/gist_id}","starred_url":"https://api.github.com/users/Vatthanhun/starred{/owner}{/repo}","subscriptions_url":"https://api.github.com/users/Vatthanhun/subscriptions","organizations_url":"https://api.github.com/users/Vatthanhun/orgs","repos_url":"https://api.github.com/users/Vatthanhun/repos","events_url":"https://api.github.com/users/Vatthanhun/events{/privacy}","received_events_url":"https://api.github.com/users/Vatthanhun/received_events","type":"User","site_admin":false,"name":null,"company":null,"blog":"","location":null,"email":null,"hireable":null,"bio":null,"twitter_username":null,"public_repos":7,"public_gists":0,"followers":0,"following":0,"created_at":"2020-02-29T13:47:56Z","updated_at":"2023-03-24T11:59:12Z","private_gists":0,"total_private_repos":1,"owned_private_repos":1,"disk_usage":31461,"collaborators":0,"two_factor_authentication":false,"plan":{"name":"free","space":976562499,"collaborators":0,"private_repos":10000}}
[info] 
[info] +  Success! Logged into GitHub as Vatthanhun 
[info] 
